2015-05-04 12:42:44,703 /usr/local/lib/python2.7/dist-packages/psiturk/psiturk_js/psiturk.js
2015-05-04 12:42:44,718 /usr/local/lib/python2.7/dist-packages/psiturk/psiturk_js/psiturk.js
2015-05-04 12:42:44,753 /usr/local/lib/python2.7/dist-packages/psiturk/psiturk_js/psiturk.js
2015-05-04 12:42:44,755 /usr/local/lib/python2.7/dist-packages/psiturk/psiturk_js/psiturk.js
2015-05-04 12:42:44,852 /usr/local/lib/python2.7/dist-packages/psiturk/psiturk_js/psiturk.js
2015-05-04 12:42:44,905 /usr/local/lib/python2.7/dist-packages/psiturk/psiturk_js/psiturk.js
2015-05-04 12:42:44,986 /usr/local/lib/python2.7/dist-packages/psiturk/psiturk_js/psiturk.js
2015-05-04 12:42:45,042 /usr/local/lib/python2.7/dist-packages/psiturk/psiturk_js/psiturk.js
2015-05-04 12:42:45,164 /usr/local/lib/python2.7/dist-packages/psiturk/psiturk_js/psiturk.js
2015-05-04 12:42:45,259 /usr/local/lib/python2.7/dist-packages/psiturk/psiturk_js/psiturk.js
2015-05-04 12:42:45,266 /usr/local/lib/python2.7/dist-packages/psiturk/psiturk_js/psiturk.js
2015-05-04 12:42:45,281 /usr/local/lib/python2.7/dist-packages/psiturk/psiturk_js/psiturk.js
2015-05-04 12:42:45,300 /usr/local/lib/python2.7/dist-packages/psiturk/psiturk_js/psiturk.js
2015-05-04 12:42:45,408 /usr/local/lib/python2.7/dist-packages/psiturk/psiturk_js/psiturk.js
2015-05-04 12:42:45,456 /usr/local/lib/python2.7/dist-packages/psiturk/psiturk_js/psiturk.js
2015-05-04 12:42:45,470 /usr/local/lib/python2.7/dist-packages/psiturk/psiturk_js/psiturk.js
2015-05-04 12:42:45,519 /usr/local/lib/python2.7/dist-packages/psiturk/psiturk_js/psiturk.js
2015-05-04 12:46:32,873 /usr/local/lib/python2.7/dist-packages/psiturk/psiturk_js/psiturk.js
2015-05-04 12:46:32,937 /usr/local/lib/python2.7/dist-packages/psiturk/psiturk_js/psiturk.js
2015-05-04 12:46:33,053 /usr/local/lib/python2.7/dist-packages/psiturk/psiturk_js/psiturk.js
2015-05-04 12:46:33,067 /usr/local/lib/python2.7/dist-packages/psiturk/psiturk_js/psiturk.js
2015-05-04 12:46:33,187 /usr/local/lib/python2.7/dist-packages/psiturk/psiturk_js/psiturk.js
2015-05-04 12:46:33,235 /usr/local/lib/python2.7/dist-packages/psiturk/psiturk_js/psiturk.js
2015-05-04 12:46:33,277 /usr/local/lib/python2.7/dist-packages/psiturk/psiturk_js/psiturk.js
2015-05-04 12:46:33,407 /usr/local/lib/python2.7/dist-packages/psiturk/psiturk_js/psiturk.js
2015-05-04 12:46:33,478 /usr/local/lib/python2.7/dist-packages/psiturk/psiturk_js/psiturk.js
2015-05-04 12:46:33,500 /usr/local/lib/python2.7/dist-packages/psiturk/psiturk_js/psiturk.js
2015-05-04 12:46:33,516 /usr/local/lib/python2.7/dist-packages/psiturk/psiturk_js/psiturk.js
2015-05-04 12:46:33,522 /usr/local/lib/python2.7/dist-packages/psiturk/psiturk_js/psiturk.js
2015-05-04 12:46:33,568 /usr/local/lib/python2.7/dist-packages/psiturk/psiturk_js/psiturk.js
2015-05-04 12:46:33,607 /usr/local/lib/python2.7/dist-packages/psiturk/psiturk_js/psiturk.js
2015-05-04 12:46:33,625 /usr/local/lib/python2.7/dist-packages/psiturk/psiturk_js/psiturk.js
2015-05-04 12:46:33,648 /usr/local/lib/python2.7/dist-packages/psiturk/psiturk_js/psiturk.js
2015-05-04 12:46:33,648 /usr/local/lib/python2.7/dist-packages/psiturk/psiturk_js/psiturk.js
2015-05-04 12:49:07,019 /usr/local/lib/python2.7/dist-packages/psiturk/psiturk_js/psiturk.js
2015-05-04 12:49:07,100 /usr/local/lib/python2.7/dist-packages/psiturk/psiturk_js/psiturk.js
2015-05-04 12:49:07,191 /usr/local/lib/python2.7/dist-packages/psiturk/psiturk_js/psiturk.js
2015-05-04 12:49:07,204 /usr/local/lib/python2.7/dist-packages/psiturk/psiturk_js/psiturk.js
2015-05-04 12:49:07,303 /usr/local/lib/python2.7/dist-packages/psiturk/psiturk_js/psiturk.js
2015-05-04 12:49:07,361 /usr/local/lib/python2.7/dist-packages/psiturk/psiturk_js/psiturk.js
2015-05-04 12:49:07,402 /usr/local/lib/python2.7/dist-packages/psiturk/psiturk_js/psiturk.js
2015-05-04 12:49:07,479 /usr/local/lib/python2.7/dist-packages/psiturk/psiturk_js/psiturk.js
2015-05-04 12:49:07,535 /usr/local/lib/python2.7/dist-packages/psiturk/psiturk_js/psiturk.js
2015-05-04 12:49:07,571 /usr/local/lib/python2.7/dist-packages/psiturk/psiturk_js/psiturk.js
2015-05-04 12:49:07,685 /usr/local/lib/python2.7/dist-packages/psiturk/psiturk_js/psiturk.js
2015-05-04 12:49:07,796 /usr/local/lib/python2.7/dist-packages/psiturk/psiturk_js/psiturk.js
2015-05-04 12:49:07,802 /usr/local/lib/python2.7/dist-packages/psiturk/psiturk_js/psiturk.js
2015-05-04 12:49:07,829 /usr/local/lib/python2.7/dist-packages/psiturk/psiturk_js/psiturk.js
2015-05-04 12:49:07,834 /usr/local/lib/python2.7/dist-packages/psiturk/psiturk_js/psiturk.js
2015-05-04 12:49:07,864 /usr/local/lib/python2.7/dist-packages/psiturk/psiturk_js/psiturk.js
2015-05-04 12:49:07,915 /usr/local/lib/python2.7/dist-packages/psiturk/psiturk_js/psiturk.js
2015-05-04 12:49:14,611 /usr/local/lib/python2.7/dist-packages/psiturk/psiturk_js/psiturk.js
2015-05-04 12:49:14,620 /usr/local/lib/python2.7/dist-packages/psiturk/psiturk_js/psiturk.js
2015-05-04 12:49:14,637 /usr/local/lib/python2.7/dist-packages/psiturk/psiturk_js/psiturk.js
2015-05-04 12:49:14,652 /usr/local/lib/python2.7/dist-packages/psiturk/psiturk_js/psiturk.js
2015-05-04 12:49:14,763 /usr/local/lib/python2.7/dist-packages/psiturk/psiturk_js/psiturk.js
2015-05-04 12:49:14,767 /usr/local/lib/python2.7/dist-packages/psiturk/psiturk_js/psiturk.js
2015-05-04 12:49:14,794 /usr/local/lib/python2.7/dist-packages/psiturk/psiturk_js/psiturk.js
2015-05-04 12:49:14,865 /usr/local/lib/python2.7/dist-packages/psiturk/psiturk_js/psiturk.js
2015-05-04 12:49:14,865 /usr/local/lib/python2.7/dist-packages/psiturk/psiturk_js/psiturk.js
2015-05-04 12:49:14,897 /usr/local/lib/python2.7/dist-packages/psiturk/psiturk_js/psiturk.js
2015-05-04 12:49:14,942 /usr/local/lib/python2.7/dist-packages/psiturk/psiturk_js/psiturk.js
2015-05-04 12:49:14,991 /usr/local/lib/python2.7/dist-packages/psiturk/psiturk_js/psiturk.js
2015-05-04 12:49:15,056 /usr/local/lib/python2.7/dist-packages/psiturk/psiturk_js/psiturk.js
2015-05-04 12:49:15,117 /usr/local/lib/python2.7/dist-packages/psiturk/psiturk_js/psiturk.js
2015-05-04 12:49:15,152 /usr/local/lib/python2.7/dist-packages/psiturk/psiturk_js/psiturk.js
2015-05-04 12:49:15,180 /usr/local/lib/python2.7/dist-packages/psiturk/psiturk_js/psiturk.js
2015-05-04 12:49:15,180 /usr/local/lib/python2.7/dist-packages/psiturk/psiturk_js/psiturk.js
2015-05-04 15:30:22,752 /usr/local/lib/python2.7/dist-packages/psiturk/psiturk_js/psiturk.js
2015-05-04 15:30:22,773 /usr/local/lib/python2.7/dist-packages/psiturk/psiturk_js/psiturk.js
2015-05-04 15:30:22,779 /usr/local/lib/python2.7/dist-packages/psiturk/psiturk_js/psiturk.js
2015-05-04 15:30:22,843 /usr/local/lib/python2.7/dist-packages/psiturk/psiturk_js/psiturk.js
2015-05-04 15:30:22,926 /usr/local/lib/python2.7/dist-packages/psiturk/psiturk_js/psiturk.js
2015-05-04 15:30:22,988 /usr/local/lib/python2.7/dist-packages/psiturk/psiturk_js/psiturk.js
2015-05-04 15:30:23,057 /usr/local/lib/python2.7/dist-packages/psiturk/psiturk_js/psiturk.js
2015-05-04 15:30:23,133 /usr/local/lib/python2.7/dist-packages/psiturk/psiturk_js/psiturk.js
2015-05-04 15:30:23,171 /usr/local/lib/python2.7/dist-packages/psiturk/psiturk_js/psiturk.js
2015-05-04 15:30:23,271 /usr/local/lib/python2.7/dist-packages/psiturk/psiturk_js/psiturk.js
2015-05-04 15:30:23,353 /usr/local/lib/python2.7/dist-packages/psiturk/psiturk_js/psiturk.js
2015-05-04 15:30:23,445 /usr/local/lib/python2.7/dist-packages/psiturk/psiturk_js/psiturk.js
2015-05-04 15:30:23,452 /usr/local/lib/python2.7/dist-packages/psiturk/psiturk_js/psiturk.js
2015-05-04 15:30:23,515 /usr/local/lib/python2.7/dist-packages/psiturk/psiturk_js/psiturk.js
2015-05-04 15:30:23,592 /usr/local/lib/python2.7/dist-packages/psiturk/psiturk_js/psiturk.js
2015-05-04 15:30:23,600 /usr/local/lib/python2.7/dist-packages/psiturk/psiturk_js/psiturk.js
2015-05-04 15:30:23,641 /usr/local/lib/python2.7/dist-packages/psiturk/psiturk_js/psiturk.js
2015-05-12 17:11:04,406 /usr/local/lib/python2.7/dist-packages/psiturk/psiturk_js/psiturk.js
2015-05-12 17:11:04,407 /usr/local/lib/python2.7/dist-packages/psiturk/psiturk_js/psiturk.js
2015-05-12 17:11:04,456 /usr/local/lib/python2.7/dist-packages/psiturk/psiturk_js/psiturk.js
2015-05-12 17:11:04,542 /usr/local/lib/python2.7/dist-packages/psiturk/psiturk_js/psiturk.js
2015-05-12 17:11:04,599 /usr/local/lib/python2.7/dist-packages/psiturk/psiturk_js/psiturk.js
2015-05-12 17:11:04,667 /usr/local/lib/python2.7/dist-packages/psiturk/psiturk_js/psiturk.js
2015-05-12 17:11:04,782 /usr/local/lib/python2.7/dist-packages/psiturk/psiturk_js/psiturk.js
2015-05-12 17:11:04,919 /usr/local/lib/python2.7/dist-packages/psiturk/psiturk_js/psiturk.js
2015-05-12 17:11:04,935 /usr/local/lib/python2.7/dist-packages/psiturk/psiturk_js/psiturk.js
2015-05-12 17:11:04,943 /usr/local/lib/python2.7/dist-packages/psiturk/psiturk_js/psiturk.js
2015-05-12 17:11:05,005 /usr/local/lib/python2.7/dist-packages/psiturk/psiturk_js/psiturk.js
2015-05-12 17:11:05,110 /usr/local/lib/python2.7/dist-packages/psiturk/psiturk_js/psiturk.js
2015-05-12 17:11:05,201 /usr/local/lib/python2.7/dist-packages/psiturk/psiturk_js/psiturk.js
2015-05-12 17:11:05,213 /usr/local/lib/python2.7/dist-packages/psiturk/psiturk_js/psiturk.js
2015-05-12 17:11:05,216 /usr/local/lib/python2.7/dist-packages/psiturk/psiturk_js/psiturk.js
2015-05-12 17:11:05,292 /usr/local/lib/python2.7/dist-packages/psiturk/psiturk_js/psiturk.js
2015-05-12 17:11:05,344 /usr/local/lib/python2.7/dist-packages/psiturk/psiturk_js/psiturk.js
2015-05-18 14:21:11,082 /usr/local/lib/python2.7/dist-packages/psiturk/psiturk_js/psiturk.js
2015-05-18 14:21:11,124 /usr/local/lib/python2.7/dist-packages/psiturk/psiturk_js/psiturk.js
2015-05-18 14:21:11,218 /usr/local/lib/python2.7/dist-packages/psiturk/psiturk_js/psiturk.js
2015-05-18 14:21:11,291 /usr/local/lib/python2.7/dist-packages/psiturk/psiturk_js/psiturk.js
2015-05-18 14:21:11,324 /usr/local/lib/python2.7/dist-packages/psiturk/psiturk_js/psiturk.js
2015-05-18 14:21:11,417 /usr/local/lib/python2.7/dist-packages/psiturk/psiturk_js/psiturk.js
2015-05-18 14:21:11,551 /usr/local/lib/python2.7/dist-packages/psiturk/psiturk_js/psiturk.js
2015-05-18 14:21:11,633 /usr/local/lib/python2.7/dist-packages/psiturk/psiturk_js/psiturk.js
2015-05-18 14:21:11,702 /usr/local/lib/python2.7/dist-packages/psiturk/psiturk_js/psiturk.js
2015-05-18 14:21:11,755 /usr/local/lib/python2.7/dist-packages/psiturk/psiturk_js/psiturk.js
2015-05-18 14:21:11,769 /usr/local/lib/python2.7/dist-packages/psiturk/psiturk_js/psiturk.js
2015-05-18 14:21:11,770 /usr/local/lib/python2.7/dist-packages/psiturk/psiturk_js/psiturk.js
2015-05-18 14:21:11,786 /usr/local/lib/python2.7/dist-packages/psiturk/psiturk_js/psiturk.js
2015-05-18 14:21:11,798 /usr/local/lib/python2.7/dist-packages/psiturk/psiturk_js/psiturk.js
2015-05-18 14:21:11,853 /usr/local/lib/python2.7/dist-packages/psiturk/psiturk_js/psiturk.js
2015-05-18 14:21:11,909 /usr/local/lib/python2.7/dist-packages/psiturk/psiturk_js/psiturk.js
2015-05-18 14:21:11,938 /usr/local/lib/python2.7/dist-packages/psiturk/psiturk_js/psiturk.js
2015-05-22 19:49:47,946 /usr/local/lib/python2.7/dist-packages/psiturk/psiturk_js/psiturk.js
2015-05-22 19:49:48,028 /usr/local/lib/python2.7/dist-packages/psiturk/psiturk_js/psiturk.js
2015-05-22 19:49:48,050 /usr/local/lib/python2.7/dist-packages/psiturk/psiturk_js/psiturk.js
2015-05-22 19:49:48,131 /usr/local/lib/python2.7/dist-packages/psiturk/psiturk_js/psiturk.js
2015-05-22 19:49:48,273 /usr/local/lib/python2.7/dist-packages/psiturk/psiturk_js/psiturk.js
2015-05-22 19:49:48,287 /usr/local/lib/python2.7/dist-packages/psiturk/psiturk_js/psiturk.js
2015-05-22 19:49:48,333 /usr/local/lib/python2.7/dist-packages/psiturk/psiturk_js/psiturk.js
2015-05-22 19:49:48,374 /usr/local/lib/python2.7/dist-packages/psiturk/psiturk_js/psiturk.js
2015-05-22 19:49:48,429 /usr/local/lib/python2.7/dist-packages/psiturk/psiturk_js/psiturk.js
2015-05-22 19:49:48,456 /usr/local/lib/python2.7/dist-packages/psiturk/psiturk_js/psiturk.js
2015-05-22 19:49:48,529 /usr/local/lib/python2.7/dist-packages/psiturk/psiturk_js/psiturk.js
2015-05-22 19:49:48,562 /usr/local/lib/python2.7/dist-packages/psiturk/psiturk_js/psiturk.js
2015-05-22 19:49:48,652 /usr/local/lib/python2.7/dist-packages/psiturk/psiturk_js/psiturk.js
2015-05-22 19:49:48,703 /usr/local/lib/python2.7/dist-packages/psiturk/psiturk_js/psiturk.js
2015-05-22 19:49:48,802 /usr/local/lib/python2.7/dist-packages/psiturk/psiturk_js/psiturk.js
2015-05-22 19:49:48,816 /usr/local/lib/python2.7/dist-packages/psiturk/psiturk_js/psiturk.js
2015-05-22 19:49:48,867 /usr/local/lib/python2.7/dist-packages/psiturk/psiturk_js/psiturk.js
2015-05-22 20:06:42,714 /usr/local/lib/python2.7/dist-packages/psiturk/psiturk_js/psiturk.js
2015-05-22 20:06:42,786 /usr/local/lib/python2.7/dist-packages/psiturk/psiturk_js/psiturk.js
2015-05-22 20:06:42,823 /usr/local/lib/python2.7/dist-packages/psiturk/psiturk_js/psiturk.js
2015-05-22 20:06:42,845 /usr/local/lib/python2.7/dist-packages/psiturk/psiturk_js/psiturk.js
2015-05-22 20:06:42,913 /usr/local/lib/python2.7/dist-packages/psiturk/psiturk_js/psiturk.js
2015-05-22 20:06:42,951 /usr/local/lib/python2.7/dist-packages/psiturk/psiturk_js/psiturk.js
2015-05-22 20:06:42,960 /usr/local/lib/python2.7/dist-packages/psiturk/psiturk_js/psiturk.js
2015-05-22 20:06:43,128 /usr/local/lib/python2.7/dist-packages/psiturk/psiturk_js/psiturk.js
2015-05-22 20:06:43,146 /usr/local/lib/python2.7/dist-packages/psiturk/psiturk_js/psiturk.js
2015-05-22 20:06:43,224 /usr/local/lib/python2.7/dist-packages/psiturk/psiturk_js/psiturk.js
2015-05-22 20:06:43,229 /usr/local/lib/python2.7/dist-packages/psiturk/psiturk_js/psiturk.js
2015-05-22 20:06:43,334 /usr/local/lib/python2.7/dist-packages/psiturk/psiturk_js/psiturk.js
2015-05-22 20:06:43,338 /usr/local/lib/python2.7/dist-packages/psiturk/psiturk_js/psiturk.js
2015-05-22 20:06:43,445 /usr/local/lib/python2.7/dist-packages/psiturk/psiturk_js/psiturk.js
2015-05-22 20:06:43,475 /usr/local/lib/python2.7/dist-packages/psiturk/psiturk_js/psiturk.js
2015-05-22 20:06:43,490 /usr/local/lib/python2.7/dist-packages/psiturk/psiturk_js/psiturk.js
2015-05-22 20:06:43,545 /usr/local/lib/python2.7/dist-packages/psiturk/psiturk_js/psiturk.js
2015-05-22 20:10:45,382 improper_inputs (1013) {}
2015-06-18 12:21:11,955 /usr/local/lib/python2.7/dist-packages/psiturk/psiturk_js/psiturk.js
2015-06-18 12:21:11,964 /usr/local/lib/python2.7/dist-packages/psiturk/psiturk_js/psiturk.js
2015-06-18 12:21:12,058 /usr/local/lib/python2.7/dist-packages/psiturk/psiturk_js/psiturk.js
2015-06-18 12:21:12,160 /usr/local/lib/python2.7/dist-packages/psiturk/psiturk_js/psiturk.js
2015-06-18 12:21:12,184 /usr/local/lib/python2.7/dist-packages/psiturk/psiturk_js/psiturk.js
2015-06-18 12:21:12,299 /usr/local/lib/python2.7/dist-packages/psiturk/psiturk_js/psiturk.js
2015-06-18 12:21:12,313 /usr/local/lib/python2.7/dist-packages/psiturk/psiturk_js/psiturk.js
2015-06-18 12:21:12,418 /usr/local/lib/python2.7/dist-packages/psiturk/psiturk_js/psiturk.js
2015-06-18 12:21:12,441 /usr/local/lib/python2.7/dist-packages/psiturk/psiturk_js/psiturk.js
2015-06-18 12:21:12,571 /usr/local/lib/python2.7/dist-packages/psiturk/psiturk_js/psiturk.js
2015-06-18 12:21:12,610 /usr/local/lib/python2.7/dist-packages/psiturk/psiturk_js/psiturk.js
2015-06-18 12:21:12,634 /usr/local/lib/python2.7/dist-packages/psiturk/psiturk_js/psiturk.js
2015-06-18 12:21:12,657 /usr/local/lib/python2.7/dist-packages/psiturk/psiturk_js/psiturk.js
2015-06-18 12:21:12,728 /usr/local/lib/python2.7/dist-packages/psiturk/psiturk_js/psiturk.js
2015-06-18 12:21:12,797 /usr/local/lib/python2.7/dist-packages/psiturk/psiturk_js/psiturk.js
2015-06-18 12:21:12,854 /usr/local/lib/python2.7/dist-packages/psiturk/psiturk_js/psiturk.js
2015-06-18 12:21:12,902 /usr/local/lib/python2.7/dist-packages/psiturk/psiturk_js/psiturk.js
2015-06-23 17:33:35,436 /usr/local/lib/python2.7/dist-packages/psiturk/psiturk_js/psiturk.js
2015-06-23 17:33:35,473 /usr/local/lib/python2.7/dist-packages/psiturk/psiturk_js/psiturk.js
2015-06-23 17:33:35,500 /usr/local/lib/python2.7/dist-packages/psiturk/psiturk_js/psiturk.js
2015-06-23 17:33:35,571 /usr/local/lib/python2.7/dist-packages/psiturk/psiturk_js/psiturk.js
2015-06-23 17:33:35,673 /usr/local/lib/python2.7/dist-packages/psiturk/psiturk_js/psiturk.js
2015-06-23 17:33:35,727 /usr/local/lib/python2.7/dist-packages/psiturk/psiturk_js/psiturk.js
2015-06-23 17:33:35,736 /usr/local/lib/python2.7/dist-packages/psiturk/psiturk_js/psiturk.js
2015-06-23 17:33:35,847 /usr/local/lib/python2.7/dist-packages/psiturk/psiturk_js/psiturk.js
2015-06-23 17:33:35,914 /usr/local/lib/python2.7/dist-packages/psiturk/psiturk_js/psiturk.js
2015-06-23 17:33:35,992 /usr/local/lib/python2.7/dist-packages/psiturk/psiturk_js/psiturk.js
2015-06-23 17:33:35,999 /usr/local/lib/python2.7/dist-packages/psiturk/psiturk_js/psiturk.js
2015-06-23 17:33:35,999 /usr/local/lib/python2.7/dist-packages/psiturk/psiturk_js/psiturk.js
2015-06-23 17:33:36,155 /usr/local/lib/python2.7/dist-packages/psiturk/psiturk_js/psiturk.js
2015-06-23 17:33:36,166 /usr/local/lib/python2.7/dist-packages/psiturk/psiturk_js/psiturk.js
2015-06-23 17:33:36,178 /usr/local/lib/python2.7/dist-packages/psiturk/psiturk_js/psiturk.js
2015-06-23 17:33:36,186 /usr/local/lib/python2.7/dist-packages/psiturk/psiturk_js/psiturk.js
2015-06-23 17:33:36,190 /usr/local/lib/python2.7/dist-packages/psiturk/psiturk_js/psiturk.js
2015-06-29 14:52:55,929 /usr/local/lib/python2.7/dist-packages/psiturk/psiturk_js/psiturk.js
2015-06-29 14:52:56,015 /usr/local/lib/python2.7/dist-packages/psiturk/psiturk_js/psiturk.js
2015-06-29 14:52:56,038 /usr/local/lib/python2.7/dist-packages/psiturk/psiturk_js/psiturk.js
2015-06-29 14:52:56,158 /usr/local/lib/python2.7/dist-packages/psiturk/psiturk_js/psiturk.js
2015-06-29 14:52:56,197 /usr/local/lib/python2.7/dist-packages/psiturk/psiturk_js/psiturk.js
2015-06-29 14:52:56,225 /usr/local/lib/python2.7/dist-packages/psiturk/psiturk_js/psiturk.js
2015-06-29 14:52:56,288 /usr/local/lib/python2.7/dist-packages/psiturk/psiturk_js/psiturk.js
2015-06-29 14:52:56,360 /usr/local/lib/python2.7/dist-packages/psiturk/psiturk_js/psiturk.js
2015-06-29 14:52:56,383 /usr/local/lib/python2.7/dist-packages/psiturk/psiturk_js/psiturk.js
2015-06-29 14:52:56,418 /usr/local/lib/python2.7/dist-packages/psiturk/psiturk_js/psiturk.js
2015-06-29 14:52:56,489 /usr/local/lib/python2.7/dist-packages/psiturk/psiturk_js/psiturk.js
2015-06-29 14:52:56,568 /usr/local/lib/python2.7/dist-packages/psiturk/psiturk_js/psiturk.js
2015-06-29 14:52:56,575 /usr/local/lib/python2.7/dist-packages/psiturk/psiturk_js/psiturk.js
2015-06-29 14:52:56,653 /usr/local/lib/python2.7/dist-packages/psiturk/psiturk_js/psiturk.js
2015-06-29 14:52:56,793 /usr/local/lib/python2.7/dist-packages/psiturk/psiturk_js/psiturk.js
2015-06-29 14:52:56,860 /usr/local/lib/python2.7/dist-packages/psiturk/psiturk_js/psiturk.js
2015-06-29 14:52:56,880 /usr/local/lib/python2.7/dist-packages/psiturk/psiturk_js/psiturk.js
2015-07-01 15:32:06,416 /usr/local/lib/python2.7/dist-packages/psiturk/psiturk_js/psiturk.js
2015-07-01 15:32:06,461 /usr/local/lib/python2.7/dist-packages/psiturk/psiturk_js/psiturk.js
2015-07-01 15:32:06,479 /usr/local/lib/python2.7/dist-packages/psiturk/psiturk_js/psiturk.js
2015-07-01 15:32:06,628 /usr/local/lib/python2.7/dist-packages/psiturk/psiturk_js/psiturk.js
2015-07-01 15:32:06,662 /usr/local/lib/python2.7/dist-packages/psiturk/psiturk_js/psiturk.js
2015-07-01 15:32:06,672 /usr/local/lib/python2.7/dist-packages/psiturk/psiturk_js/psiturk.js
2015-07-01 15:32:06,685 /usr/local/lib/python2.7/dist-packages/psiturk/psiturk_js/psiturk.js
2015-07-01 15:32:06,784 /usr/local/lib/python2.7/dist-packages/psiturk/psiturk_js/psiturk.js
2015-07-01 15:32:06,852 /usr/local/lib/python2.7/dist-packages/psiturk/psiturk_js/psiturk.js
2015-07-01 15:32:06,875 /usr/local/lib/python2.7/dist-packages/psiturk/psiturk_js/psiturk.js
2015-07-01 15:32:06,887 /usr/local/lib/python2.7/dist-packages/psiturk/psiturk_js/psiturk.js
2015-07-01 15:32:07,083 /usr/local/lib/python2.7/dist-packages/psiturk/psiturk_js/psiturk.js
2015-07-01 15:32:07,093 /usr/local/lib/python2.7/dist-packages/psiturk/psiturk_js/psiturk.js
2015-07-01 15:32:07,127 /usr/local/lib/python2.7/dist-packages/psiturk/psiturk_js/psiturk.js
2015-07-01 15:32:07,190 /usr/local/lib/python2.7/dist-packages/psiturk/psiturk_js/psiturk.js
2015-07-01 15:32:07,352 /usr/local/lib/python2.7/dist-packages/psiturk/psiturk_js/psiturk.js
2015-07-01 15:32:07,398 /usr/local/lib/python2.7/dist-packages/psiturk/psiturk_js/psiturk.js
2015-07-02 12:44:34,626 /usr/local/lib/python2.7/dist-packages/psiturk/psiturk_js/psiturk.js
2015-07-02 12:44:34,686 /usr/local/lib/python2.7/dist-packages/psiturk/psiturk_js/psiturk.js
2015-07-02 12:44:34,702 /usr/local/lib/python2.7/dist-packages/psiturk/psiturk_js/psiturk.js
2015-07-02 12:44:34,765 /usr/local/lib/python2.7/dist-packages/psiturk/psiturk_js/psiturk.js
2015-07-02 12:44:34,837 /usr/local/lib/python2.7/dist-packages/psiturk/psiturk_js/psiturk.js
2015-07-02 12:44:34,847 /usr/local/lib/python2.7/dist-packages/psiturk/psiturk_js/psiturk.js
2015-07-02 12:44:34,892 /usr/local/lib/python2.7/dist-packages/psiturk/psiturk_js/psiturk.js
2015-07-02 12:44:34,948 /usr/local/lib/python2.7/dist-packages/psiturk/psiturk_js/psiturk.js
2015-07-02 12:44:35,003 /usr/local/lib/python2.7/dist-packages/psiturk/psiturk_js/psiturk.js
2015-07-02 12:44:35,038 /usr/local/lib/python2.7/dist-packages/psiturk/psiturk_js/psiturk.js
2015-07-02 12:44:35,104 /usr/local/lib/python2.7/dist-packages/psiturk/psiturk_js/psiturk.js
2015-07-02 12:44:35,122 /usr/local/lib/python2.7/dist-packages/psiturk/psiturk_js/psiturk.js
2015-07-02 12:44:35,172 /usr/local/lib/python2.7/dist-packages/psiturk/psiturk_js/psiturk.js
2015-07-02 12:44:35,258 /usr/local/lib/python2.7/dist-packages/psiturk/psiturk_js/psiturk.js
2015-07-02 12:44:35,294 /usr/local/lib/python2.7/dist-packages/psiturk/psiturk_js/psiturk.js
2015-07-02 12:44:35,313 /usr/local/lib/python2.7/dist-packages/psiturk/psiturk_js/psiturk.js
2015-07-02 12:44:35,408 /usr/local/lib/python2.7/dist-packages/psiturk/psiturk_js/psiturk.js
2015-07-02 13:26:11,220 /usr/local/lib/python2.7/dist-packages/psiturk/psiturk_js/psiturk.js
2015-07-02 13:26:11,224 /usr/local/lib/python2.7/dist-packages/psiturk/psiturk_js/psiturk.js
2015-07-02 13:26:11,337 /usr/local/lib/python2.7/dist-packages/psiturk/psiturk_js/psiturk.js
2015-07-02 13:26:11,338 /usr/local/lib/python2.7/dist-packages/psiturk/psiturk_js/psiturk.js
2015-07-02 13:26:11,455 /usr/local/lib/python2.7/dist-packages/psiturk/psiturk_js/psiturk.js
2015-07-02 13:26:11,458 /usr/local/lib/python2.7/dist-packages/psiturk/psiturk_js/psiturk.js
2015-07-02 13:26:11,553 /usr/local/lib/python2.7/dist-packages/psiturk/psiturk_js/psiturk.js
2015-07-02 13:26:11,557 /usr/local/lib/python2.7/dist-packages/psiturk/psiturk_js/psiturk.js
2015-07-02 13:26:11,630 /usr/local/lib/python2.7/dist-packages/psiturk/psiturk_js/psiturk.js
2015-07-02 13:26:11,727 /usr/local/lib/python2.7/dist-packages/psiturk/psiturk_js/psiturk.js
2015-07-02 13:26:11,737 /usr/local/lib/python2.7/dist-packages/psiturk/psiturk_js/psiturk.js
2015-07-02 13:26:11,800 /usr/local/lib/python2.7/dist-packages/psiturk/psiturk_js/psiturk.js
2015-07-02 13:26:11,809 /usr/local/lib/python2.7/dist-packages/psiturk/psiturk_js/psiturk.js
2015-07-02 13:26:11,878 /usr/local/lib/python2.7/dist-packages/psiturk/psiturk_js/psiturk.js
2015-07-02 13:26:11,985 /usr/local/lib/python2.7/dist-packages/psiturk/psiturk_js/psiturk.js
2015-07-02 13:26:12,076 /usr/local/lib/python2.7/dist-packages/psiturk/psiturk_js/psiturk.js
2015-07-02 13:26:12,077 /usr/local/lib/python2.7/dist-packages/psiturk/psiturk_js/psiturk.js
2015-07-02 15:42:29,239 DB error: Unique user not found.
2015-07-02 15:42:29,240 Exception on /sync/debug5DAINL:debugGY5NXD [PUT]
Traceback (most recent call last):
  File "/usr/local/lib/python2.7/dist-packages/flask/app.py", line 1817, in wsgi_app
    response = self.full_dispatch_request()
  File "/usr/local/lib/python2.7/dist-packages/flask/app.py", line 1477, in full_dispatch_request
    rv = self.handle_user_exception(e)
  File "/usr/local/lib/python2.7/dist-packages/flask/app.py", line 1381, in handle_user_exception
    reraise(exc_type, exc_value, tb)
  File "/usr/local/lib/python2.7/dist-packages/flask/app.py", line 1475, in full_dispatch_request
    rv = self.dispatch_request()
  File "/usr/local/lib/python2.7/dist-packages/flask/app.py", line 1461, in dispatch_request
    return self.view_functions[rule.endpoint](**req.view_args)
  File "/usr/local/lib/python2.7/dist-packages/psiturk/experiment.py", line 519, in update
    'ascii', 'xmlcharrefreplace'
UnboundLocalError: local variable 'user' referenced before assignment
2015-07-02 15:42:29,238 Exception on /sync/debug5DAINL:debugGY5NXD [PUT]
Traceback (most recent call last):
  File "/usr/local/lib/python2.7/dist-packages/flask/app.py", line 1817, in wsgi_app
    response = self.full_dispatch_request()
  File "/usr/local/lib/python2.7/dist-packages/flask/app.py", line 1477, in full_dispatch_request
    rv = self.handle_user_exception(e)
  File "/usr/local/lib/python2.7/dist-packages/flask/app.py", line 1381, in handle_user_exception
    reraise(exc_type, exc_value, tb)
  File "/usr/local/lib/python2.7/dist-packages/flask/app.py", line 1475, in full_dispatch_request
    rv = self.dispatch_request()
  File "/usr/local/lib/python2.7/dist-packages/flask/app.py", line 1461, in dispatch_request
    return self.view_functions[rule.endpoint](**req.view_args)
  File "/usr/local/lib/python2.7/dist-packages/psiturk/experiment.py", line 522, in update
    db_session.commit()
  File "/usr/local/lib/python2.7/dist-packages/sqlalchemy/orm/scoping.py", line 150, in do
    return getattr(self.registry(), name)(*args, **kwargs)
  File "/usr/local/lib/python2.7/dist-packages/sqlalchemy/orm/session.py", line 790, in commit
    self.transaction.commit()
  File "/usr/local/lib/python2.7/dist-packages/sqlalchemy/orm/session.py", line 392, in commit
    self._prepare_impl()
  File "/usr/local/lib/python2.7/dist-packages/sqlalchemy/orm/session.py", line 372, in _prepare_impl
    self.session.flush()
  File "/usr/local/lib/python2.7/dist-packages/sqlalchemy/orm/session.py", line 2004, in flush
    self._flush(objects)
  File "/usr/local/lib/python2.7/dist-packages/sqlalchemy/orm/session.py", line 2122, in _flush
    transaction.rollback(_capture_exception=True)
  File "/usr/local/lib/python2.7/dist-packages/sqlalchemy/util/langhelpers.py", line 60, in __exit__
    compat.reraise(exc_type, exc_value, exc_tb)
  File "/usr/local/lib/python2.7/dist-packages/sqlalchemy/orm/session.py", line 2086, in _flush
    flush_context.execute()
  File "/usr/local/lib/python2.7/dist-packages/sqlalchemy/orm/unitofwork.py", line 373, in execute
    rec.execute(self)
  File "/usr/local/lib/python2.7/dist-packages/sqlalchemy/orm/unitofwork.py", line 532, in execute
    uow
  File "/usr/local/lib/python2.7/dist-packages/sqlalchemy/orm/persistence.py", line 170, in save_obj
    mapper, table, update)
  File "/usr/local/lib/python2.7/dist-packages/sqlalchemy/orm/persistence.py", line 672, in _emit_update_statements
    execute(statement, multiparams)
  File "/usr/local/lib/python2.7/dist-packages/sqlalchemy/engine/base.py", line 914, in execute
    return meth(self, multiparams, params)
  File "/usr/local/lib/python2.7/dist-packages/sqlalchemy/sql/elements.py", line 323, in _execute_on_connection
    return connection._execute_clauseelement(self, multiparams, params)
  File "/usr/local/lib/python2.7/dist-packages/sqlalchemy/engine/base.py", line 1010, in _execute_clauseelement
    compiled_sql, distilled_params
  File "/usr/local/lib/python2.7/dist-packages/sqlalchemy/engine/base.py", line 1146, in _execute_context
    context)
  File "/usr/local/lib/python2.7/dist-packages/sqlalchemy/engine/base.py", line 1339, in _handle_dbapi_exception
    exc_info
  File "/usr/local/lib/python2.7/dist-packages/sqlalchemy/util/compat.py", line 199, in raise_from_cause
    reraise(type(exception), exception, tb=exc_tb)
  File "/usr/local/lib/python2.7/dist-packages/sqlalchemy/engine/base.py", line 1139, in _execute_context
    context)
  File "/usr/local/lib/python2.7/dist-packages/sqlalchemy/engine/default.py", line 442, in do_execute
    cursor.execute(statement, parameters)
OperationalError: (sqlite3.OperationalError) database is locked [SQL: u'UPDATE turkdemo SET datastring=? WHERE turkdemo.uniqueid = ?'] [parameters: ('{"condition":0,"counterbalance":0,"assignmentId":"debugGY5NXD","workerId":"debug5DAINL","hitId":"debugWFHP9I","currenttrial":32,"bonus":0,"data":[{"uniqueid":"debug5DAINL:debugGY5NXD","current_trial":0,"dateTime":1435840929008,"trialdata":{"phase":"INSTRUCTIONS","templates":["instructions/instruct-1.html","instructions/instruct-1a.html","instructions/instruct-ready.html"],"action":"Begin"}},{"uniqueid":"debug5DAINL:debugGY5NXD","current_trial":1,"dateTime":1435840929931,"trialdata":{"phase":"INSTRUCTIONS","template":"instructions/instruct-1.html","indexOf":0,"action":"NextPage","viewTime":919}},{"uniqueid":"debug5DAINL:debugGY5NXD","current_trial":2,"dateTime":1435840930098,"trialdata":{"phase":"INSTRUCTIONS","template":"instructions/instruct-1a.html","indexOf":1,"action":"NextPage","viewTime":160}},{"uniqueid":"debug5DAINL:debugGY5NXD","current_trial":3,"dateTime":1435840930994,"trialdata":{"phase":"INSTRUCTIONS","template":"instructions/instruct-ready.html","indexOf":2,"action":"FinishInstructions","viewTime":894}},{"uniqueid":"debug5DAINL:debugGY5NXD","current_trial":4,"dateTime":1435840932049,"trialdata":{"phase":"TEST","word":"that","color":"this","relation":"50","response":"zanda","hit":"50","rt":1044}},{"uniqueid":"debug5DAINL:debugGY5NXD","current_trial":5,"dateTime":1435840936727,"trialdata":{"phase":"TEST","word":"that","color":"this","relation":"82","response":"zanda","hit":"72","rt":5722}},{"uniqueid":"debug5DAINL:debugGY5NXD","current_trial":6,"dateTime":1435840936735,"trialdata":{"phase":"TEST","word":"that","color":"this","relation":"50","response":"zanda","hit":"50","rt":4677}},{"uniqueid":"debug5DAINL:debugGY5NXD","current_trial":7,"dateTime":1435840940200,"trialdata":{"phase":"TEST","word":"that","color":"this","relation":"50","response":"zanda","hit":"50","rt":9195}},{"uniqueid":"debug5DAINL:debugGY5NXD","current_trial":8,"dateTime":1435840940207,"trialdata":{"phase":"TEST","word":"that","color":"this","relation":"50","response":"zanda","hit":"50","rt":3470}},{"uniqueid":"debug5DAINL:debugGY5NXD","current_trial":9,"dateTime":1435840940209,"trialdata":{"phase":"TEST","word":"that","color":"this","relation":"50","response":"zanda","hit":"50","rt":3474}},{"uniqueid":"debug5DAINL:debugGY5NXD","current_trial":10,"dateTime":1435840940935,"trialdata":{"phase":"TEST","word":"that","color":"this","relation":"50","response":"zanda","hit":"50","rt":9930}},{"uniqueid":"debug5DAINL:debugGY5NXD","current_trial":11,"dateTime":1435840940941,"trialdata":{"phase":"TEST","word":"that","color":"this","relation":"50","response":"zanda","hit":"50","rt":732}},{"uniqueid":"debug5DAINL:debugGY5NXD","current_trial":12,"dateTime":1435840940943,"trialdata":{"phase":"TEST","word":"that","color":"this","relation":"50","response":"zanda","hit":"50","rt":732}},{"uniqueid":"debug5DAINL:debugGY5NXD","current_trial":13,"dateTime":1435840940946,"trialdata":{"phase":"TEST","word":"that","color":"this","relation":"50","response":"zanda","hit":"50","rt":739}},{"uniqueid":"debug5DAINL:debugGY5NXD","current_trial":14,"dateTime":1435840941481,"trialdata":{"phase":"TEST","word":"that","color":"this","relation":"50","response":"zanda","hit":"50","rt":10476}},{"uniqueid":"debug5DAINL:debugGY5NXD","current_trial":15,"dateTime":1435840941486,"trialdata":{"phase":"TEST","word":"that","color":"this","relation":"50","response":"zanda","hit":"50","rt":543}},{"uniqueid":"debug5DAINL:debugGY5NXD","current_trial":16,"dateTime":1435840941488,"trialdata":{"phase":"TEST","word":"that","color":"this","relation":"50","response":"zanda","hit":"50","rt":542}},{"uniqueid":"debug5DAINL:debugGY5NXD","current_trial":17,"dateTime":1435840941489,"trialdata":{"phase":"TEST","word":"that","color":"this","relation":"50","response":"zanda","hit":"50","rt":540}},{"uniqueid":"debug5DAINL:debugGY5NXD","current_trial":18,"dateTime":1435840941490,"trialdata":{"phase":"TEST","word":"that","color":"this","relation":"50","response":"zanda","hit":"50","rt":549}},{"uniqueid":"debug5DAINL:debugGY5NXD","current_trial":19,"dateTime":1435840942075,"trialdata":{"phase":"TEST","word":"that","color":"this","relation":"50","response":"zanda","hit":"50","rt":11070}},{"uniqueid":"debug5DAINL:debugGY5NXD","current_trial":20,"dateTime":1435840942081,"trialdata":{"phase":"TEST","word":"that","color":"this","relation":"50","response":"zanda","hit":"50","rt":593}},{"uniqueid":"debug5DAINL:debugGY5NXD","current_trial":21,"dateTime":1435840942082,"trialdata":{"phase":"TEST","word":"that","color":"this","relation":"50","response":"zanda","hit":"50","rt":593}},{"uniqueid":"debug5DAINL:debugGY5NXD","current_trial":22,"dateTime":1435840942084,"trialdata":{"phase":"TEST","word":"that","color":"this","relation":"50","response":"zanda","hit":"50","rt":594}},{"uniqueid":"debug5DAINL:debugGY5NXD","current_trial":23,"dateTime":1435840942086,"trialdata":{"phase":"TEST","word":"that","color":"this","relation":"50","response":"zanda","hit":"50","rt":595}},{"uniqueid":"debug5DAINL:debugGY5NXD","current_trial":24,"dateTime":1435840942088,"trialdata":{"phase":"TEST","word":"that","color":"this","relation":"50","response":"zanda","hit":"50","rt":602}},{"uniqueid":"debug5DAINL:debugGY5NXD","current_trial":25,"dateTime":1435840942608,"trialdata":{"phase":"TEST","word":"that","color":"this","relation":"50","response":"zanda","hit":"50","rt":11603}},{"uniqueid":"debug5DAINL:debugGY5NXD","current_trial":26,"dateTime":1435840942613,"trialdata":{"phase":"TEST","word":"that","color":"this","relation":"50","response":"zanda","hit":"50","rt":531}},{"uniqueid":"debug5DAINL:debugGY5NXD","current_trial":27,"dateTime":1435840942614,"trialdata":{"phase":"TEST","word":"that","color":"this","relation":"50","response":"zanda","hit":"50","rt":530}},{"uniqueid":"debug5DAINL:debugGY5NXD","current_trial":28,"dateTime":1435840942617,"trialdata":{"phase":"TEST","word":"that","color":"this","relation":"50","response":"zanda","hit":"50","rt":531}},{"uniqueid":"debug5DAINL:debugGY5NXD","current_trial":29,"dateTime":1435840942618,"trialdata":{"phase":"TEST","word":"that","color":"this","relation":"50","response":"zanda","hit":"50","rt":530}},{"uniqueid":"debug5DAINL:debugGY5NXD","current_trial":30,"dateTime":1435840942619,"trialdata":{"phase":"TEST","word":"that","color":"this","relation":"50","response":"zanda","hit":"50","rt":530}},{"uniqueid":"debug5DAINL:debugGY5NXD","current_trial":31,"dateTime":1435840942621,"trialdata":{"phase":"TEST","word":"that","color":"this","relation":"50","response":"zanda","hit":"50","rt":540}}],"questiondata":{},"eventdata":[{"eventtype":"initialized","value":null,"timestamp":1435840928939,"interval":0},{"eventtype":"window_resize","value":[1024,768],"timestamp":1435840928939,"interval":0}],"useragent":"","status":"user data saved"}', u'debug5DAINL:debugGY5NXD')]
2015-07-06 12:59:48,272 /usr/local/lib/python2.7/dist-packages/psiturk/psiturk_js/psiturk.js
2015-07-06 12:59:48,385 /usr/local/lib/python2.7/dist-packages/psiturk/psiturk_js/psiturk.js
2015-07-06 12:59:48,403 /usr/local/lib/python2.7/dist-packages/psiturk/psiturk_js/psiturk.js
2015-07-06 12:59:48,488 /usr/local/lib/python2.7/dist-packages/psiturk/psiturk_js/psiturk.js
2015-07-06 12:59:48,577 /usr/local/lib/python2.7/dist-packages/psiturk/psiturk_js/psiturk.js
2015-07-06 12:59:48,589 /usr/local/lib/python2.7/dist-packages/psiturk/psiturk_js/psiturk.js
2015-07-06 12:59:48,645 /usr/local/lib/python2.7/dist-packages/psiturk/psiturk_js/psiturk.js
2015-07-06 12:59:48,667 /usr/local/lib/python2.7/dist-packages/psiturk/psiturk_js/psiturk.js
2015-07-06 12:59:48,740 /usr/local/lib/python2.7/dist-packages/psiturk/psiturk_js/psiturk.js
2015-07-06 12:59:48,770 /usr/local/lib/python2.7/dist-packages/psiturk/psiturk_js/psiturk.js
2015-07-06 12:59:48,798 /usr/local/lib/python2.7/dist-packages/psiturk/psiturk_js/psiturk.js
2015-07-06 12:59:48,802 /usr/local/lib/python2.7/dist-packages/psiturk/psiturk_js/psiturk.js
2015-07-06 12:59:48,892 /usr/local/lib/python2.7/dist-packages/psiturk/psiturk_js/psiturk.js
2015-07-06 12:59:48,893 /usr/local/lib/python2.7/dist-packages/psiturk/psiturk_js/psiturk.js
2015-07-06 12:59:48,963 /usr/local/lib/python2.7/dist-packages/psiturk/psiturk_js/psiturk.js
2015-07-06 12:59:49,002 /usr/local/lib/python2.7/dist-packages/psiturk/psiturk_js/psiturk.js
2015-07-06 12:59:49,014 /usr/local/lib/python2.7/dist-packages/psiturk/psiturk_js/psiturk.js
2015-07-06 14:33:19,177 /usr/local/lib/python2.7/dist-packages/psiturk/psiturk_js/psiturk.js
2015-07-06 14:33:19,274 /usr/local/lib/python2.7/dist-packages/psiturk/psiturk_js/psiturk.js
2015-07-06 14:33:19,302 /usr/local/lib/python2.7/dist-packages/psiturk/psiturk_js/psiturk.js
2015-07-06 14:33:19,391 /usr/local/lib/python2.7/dist-packages/psiturk/psiturk_js/psiturk.js
2015-07-06 14:33:19,428 /usr/local/lib/python2.7/dist-packages/psiturk/psiturk_js/psiturk.js
2015-07-06 14:33:19,493 /usr/local/lib/python2.7/dist-packages/psiturk/psiturk_js/psiturk.js
2015-07-06 14:33:19,501 /usr/local/lib/python2.7/dist-packages/psiturk/psiturk_js/psiturk.js
2015-07-06 14:33:19,630 /usr/local/lib/python2.7/dist-packages/psiturk/psiturk_js/psiturk.js
2015-07-06 14:33:19,630 /usr/local/lib/python2.7/dist-packages/psiturk/psiturk_js/psiturk.js
2015-07-06 14:33:19,721 /usr/local/lib/python2.7/dist-packages/psiturk/psiturk_js/psiturk.js
2015-07-06 14:33:19,757 /usr/local/lib/python2.7/dist-packages/psiturk/psiturk_js/psiturk.js
2015-07-06 14:33:19,857 /usr/local/lib/python2.7/dist-packages/psiturk/psiturk_js/psiturk.js
2015-07-06 14:33:19,921 /usr/local/lib/python2.7/dist-packages/psiturk/psiturk_js/psiturk.js
2015-07-06 14:33:19,939 /usr/local/lib/python2.7/dist-packages/psiturk/psiturk_js/psiturk.js
2015-07-06 14:33:19,991 /usr/local/lib/python2.7/dist-packages/psiturk/psiturk_js/psiturk.js
2015-07-06 14:33:20,025 /usr/local/lib/python2.7/dist-packages/psiturk/psiturk_js/psiturk.js
2015-07-06 14:33:20,107 /usr/local/lib/python2.7/dist-packages/psiturk/psiturk_js/psiturk.js
